0 info it worked if it ends with ok
1 verbose cli [ 'C:\\Program Files\\nodejs\\node.exe',
1 verbose cli   'C:\\Users\\Andrés Rodríguez\\AppData\\Roaming\\npm\\node_modules\\npm\\bin\\npm-cli.js',
1 verbose cli   'start' ]
2 info using npm@4.0.3
3 info using node@v6.9.5
4 verbose run-script [ 'prestart', 'start', 'poststart' ]
5 info lifecycle winestore@0.0.0~prestart: winestore@0.0.0
6 silly lifecycle winestore@0.0.0~prestart: no script for prestart, continuing
7 info lifecycle winestore@0.0.0~start: winestore@0.0.0
8 verbose lifecycle winestore@0.0.0~start: unsafe-perm in lifecycle true
9 verbose lifecycle winestore@0.0.0~start: PATH: C:\Users\Andrés Rodríguez\AppData\Roaming\npm\node_modules\npm\bin\node-gyp-bin;C:\Andrew\8 Semestre\Desarrollo Web\1 ProyectoFinal\winestore\node_modules\.bin;C:\SPB_Data\bin;C:\Program Files\Git\mingw64\bin;C:\Program Files\Git\usr\local\bin;C:\Program Files\Git\usr\bin;C:\Program Files\Git\usr\bin;C:\Program Files\Git\mingw64\bin;C:\Program Files\Git\usr\bin;C:\SPB_Data\bin;C:\Program Files (x86)\Common Files\Intel\Shared Files\cpp\bin\Intel64;C:\ProgramData\Oracle\Java\javapath;C:\Program Files (x86)\Intel\iCLS Client;C:\Program Files\Intel\iCLS Client;C:\WINDOWS\system32;C:\WINDOWS;C:\WINDOWS\System32\Wbem;C:\WINDOWS\System32\WindowsPowerShell\v1.0;C:\Program Files\Intel\Intel(R) Management Engine Components\DAL;C:\Program Files\Intel\Intel(R) Management Engine Components\IPT;C:\Program Files (x86)\Intel\Intel(R) Management Engine Components\DAL;C:\Program Files (x86)\Intel\Intel(R) Management Engine Components\IPT;C:\Program Files\apache-maven-3.3.9\bin;C:\Program Files\Java\jdk1.8.0_101;C:\Program Files (x86)\Windows Live\Shared;C:\Program Files\Git\cmd;C:\ProgramData\ComposerSetup\bin;C:\WINDOWS\system32\config\systemprofile\.dnx\bin;C:\Program Files\Microsoft DNX\Dnvm;C:\Program Files\Microsoft SQL Server\130\Tools\Binn;C:\Program Files\CMake\bin;C:\Program Files\nodejs;C:\Program Files (x86)\Skype\Phone;C:\Program Files\MATLAB\R2014a\runtime\win64;C:\Program Files\MATLAB\R2014a\bin;C:\Program Files\MATLAB\R2014a\polyspace\bin;C:\Users\Andrés Rodríguez\AppData\Local\Microsoft\WindowsApps;C:\Program Files\Heroku\bin;C:\xampp\php;C:\Users\Andrés Rodríguez\AppData\Roaming\Composer\vendor\bin;C:\Program Files (x86)\Microsoft VS Code\bin;C:\Users\Andrés Rodríguez\AppData\Roaming\npm;C:\Program Files\Git\usr\bin\vendor_perl;C:\Program Files\Git\usr\bin\core_perl
10 verbose lifecycle winestore@0.0.0~start: CWD: C:\Andrew\8 Semestre\Desarrollo Web\1 ProyectoFinal\winestore
11 silly lifecycle winestore@0.0.0~start: Args: [ '/d /s /c', 'node ./bin/www' ]
12 silly lifecycle winestore@0.0.0~start: Returned: code: 1  signal: null
13 info lifecycle winestore@0.0.0~start: Failed to exec start script
14 verbose stack Error: winestore@0.0.0 start: `node ./bin/www`
14 verbose stack Exit status 1
14 verbose stack     at EventEmitter.<anonymous> (C:\Users\Andrés Rodríguez\AppData\Roaming\npm\node_modules\npm\lib\utils\lifecycle.js:279:16)
14 verbose stack     at emitTwo (events.js:106:13)
14 verbose stack     at EventEmitter.emit (events.js:191:7)
14 verbose stack     at ChildProcess.<anonymous> (C:\Users\Andrés Rodríguez\AppData\Roaming\npm\node_modules\npm\lib\utils\spawn.js:40:14)
14 verbose stack     at emitTwo (events.js:106:13)
14 verbose stack     at ChildProcess.emit (events.js:191:7)
14 verbose stack     at maybeClose (internal/child_process.js:877:16)
14 verbose stack     at Process.ChildProcess._handle.onexit (internal/child_process.js:226:5)
15 verbose pkgid winestore@0.0.0
16 verbose cwd C:\Andrew\8 Semestre\Desarrollo Web\1 ProyectoFinal\winestore
17 error Windows_NT 10.0.14393
18 error argv "C:\\Program Files\\nodejs\\node.exe" "C:\\Users\\Andrés Rodríguez\\AppData\\Roaming\\npm\\node_modules\\npm\\bin\\npm-cli.js" "start"
19 error node v6.9.5
20 error npm  v4.0.3
21 error code ELIFECYCLE
22 error winestore@0.0.0 start: `node ./bin/www`
22 error Exit status 1
23 error Failed at the winestore@0.0.0 start script 'node ./bin/www'.
23 error Make sure you have the latest version of node.js and npm installed.
23 error If you do, this is most likely a problem with the winestore package,
23 error not with npm itself.
23 error Tell the author that this fails on your system:
23 error     node ./bin/www
23 error You can get information on how to open an issue for this project with:
23 error     npm bugs winestore
23 error Or if that isn't available, you can get their info via:
23 error     npm owner ls winestore
23 error There is likely additional logging output above.
24 verbose exit [ 1, true ]
